2025-07-18 17:02:54,543 [ERROR] Configuration file not found: /home/anik/code/BGP_Announcement_Recorder/nodes/nodes/rpki_nodes/config_65001.json
2025-07-18 17:04:01,861 [ERROR] Configuration file not found: /home/anik/code/BGP_Announcement_Recorder/nodes/nodes/rpki_nodes/config_65001.json
2025-07-18 17:05:36,152 [INFO] 🔐 RPKI Node 65001 started.
2025-07-18 17:05:36,152 [WARNING] Input stream file not found: /home/anik/code/BGP_Announcement_Recorder/nodes/rpki_nodes/../shared_data/bgp_stream.jsonl
2025-07-18 17:05:41,152 [WARNING] Input stream file not found: /home/anik/code/BGP_Announcement_Recorder/nodes/rpki_nodes/../shared_data/bgp_stream.jsonl
2025-07-18 17:05:46,153 [WARNING] Input stream file not found: /home/anik/code/BGP_Announcement_Recorder/nodes/rpki_nodes/../shared_data/bgp_stream.jsonl
2025-07-18 17:05:51,153 [WARNING] Input stream file not found: /home/anik/code/BGP_Announcement_Recorder/nodes/rpki_nodes/../shared_data/bgp_stream.jsonl
2025-07-18 17:05:56,154 [WARNING] Input stream file not found: /home/anik/code/BGP_Announcement_Recorder/nodes/rpki_nodes/../shared_data/bgp_stream.jsonl
2025-07-18 17:06:01,154 [WARNING] Input stream file not found: /home/anik/code/BGP_Announcement_Recorder/nodes/rpki_nodes/../shared_data/bgp_stream.jsonl
2025-07-18 17:08:26,923 [INFO] 🔐 RPKI Node 65001 started.
2025-07-18 17:08:26,924 [ERROR] Error processing announcement: Block.__init__() got an unexpected keyword argument 'data'
2025-07-18 17:08:26,924 [ERROR] Error processing announcement: Block.__init__() got an unexpected keyword argument 'data'
2025-07-18 17:08:26,924 [ERROR] Error processing announcement: Block.__init__() got an unexpected keyword argument 'data'
2025-07-18 17:08:26,925 [ERROR] Error processing announcement: Block.__init__() got an unexpected keyword argument 'data'
2025-07-18 17:08:26,925 [ERROR] Error processing announcement: Block.__init__() got an unexpected keyword argument 'data'
2025-07-18 17:08:26,925 [ERROR] Error processing announcement: Block.__init__() got an unexpected keyword argument 'data'
2025-07-18 17:08:26,925 [ERROR] Error processing announcement: Block.__init__() got an unexpected keyword argument 'data'
2025-07-18 17:08:26,925 [ERROR] Error processing announcement: Block.__init__() got an unexpected keyword argument 'data'
2025-07-18 17:08:26,926 [ERROR] Error processing announcement: Block.__init__() got an unexpected keyword argument 'data'
2025-07-18 17:08:26,926 [ERROR] Error processing announcement: Block.__init__() got an unexpected keyword argument 'data'
2025-07-18 17:08:26,926 [ERROR] Error processing announcement: Block.__init__() got an unexpected keyword argument 'data'
2025-07-18 17:08:26,926 [ERROR] Error processing announcement: Block.__init__() got an unexpected keyword argument 'data'
2025-07-18 17:08:26,926 [ERROR] Error processing announcement: Block.__init__() got an unexpected keyword argument 'data'
2025-07-18 17:08:26,926 [ERROR] Error processing announcement: Block.__init__() got an unexpected keyword argument 'data'
2025-07-18 17:08:26,926 [ERROR] Error processing announcement: Block.__init__() got an unexpected keyword argument 'data'
2025-07-18 17:08:26,926 [ERROR] Error processing announcement: Block.__init__() got an unexpected keyword argument 'data'
2025-07-18 17:08:26,927 [ERROR] Error processing announcement: Block.__init__() got an unexpected keyword argument 'data'
2025-07-18 17:08:26,927 [ERROR] Error processing announcement: Block.__init__() got an unexpected keyword argument 'data'
2025-07-18 17:08:26,927 [ERROR] Error processing announcement: Block.__init__() got an unexpected keyword argument 'data'
2025-07-18 17:08:26,927 [ERROR] Error processing announcement: Block.__init__() got an unexpected keyword argument 'data'
2025-07-18 17:08:26,927 [ERROR] Error processing announcement: Block.__init__() got an unexpected keyword argument 'data'
2025-07-18 17:08:26,927 [ERROR] Error processing announcement: Block.__init__() got an unexpected keyword argument 'data'
2025-07-18 17:08:26,928 [ERROR] Error processing announcement: Block.__init__() got an unexpected keyword argument 'data'
2025-07-18 17:08:26,928 [ERROR] Error processing announcement: Block.__init__() got an unexpected keyword argument 'data'
2025-07-18 17:08:26,928 [ERROR] Error processing announcement: Block.__init__() got an unexpected keyword argument 'data'
2025-07-18 17:08:26,928 [ERROR] Error processing announcement: Block.__init__() got an unexpected keyword argument 'data'
2025-07-18 17:08:26,928 [ERROR] Error processing announcement: Block.__init__() got an unexpected keyword argument 'data'
2025-07-18 17:08:26,928 [ERROR] Error processing announcement: Block.__init__() got an unexpected keyword argument 'data'
2025-07-18 17:08:26,929 [ERROR] Error processing announcement: Block.__init__() got an unexpected keyword argument 'data'
2025-07-18 17:08:26,929 [ERROR] Error processing announcement: Block.__init__() got an unexpected keyword argument 'data'
2025-07-18 17:08:26,929 [ERROR] Error processing announcement: Block.__init__() got an unexpected keyword argument 'data'
2025-07-18 17:08:26,929 [ERROR] Error processing announcement: Block.__init__() got an unexpected keyword argument 'data'
2025-07-18 17:08:26,930 [ERROR] Error processing announcement: Block.__init__() got an unexpected keyword argument 'data'
2025-07-18 17:08:26,930 [ERROR] Error processing announcement: Block.__init__() got an unexpected keyword argument 'data'
2025-07-18 17:08:26,930 [ERROR] Error processing announcement: Block.__init__() got an unexpected keyword argument 'data'
2025-07-18 17:08:26,930 [ERROR] Error processing announcement: Block.__init__() got an unexpected keyword argument 'data'
2025-07-18 17:08:26,930 [ERROR] Error processing announcement: Block.__init__() got an unexpected keyword argument 'data'
2025-07-18 17:08:26,930 [ERROR] Error processing announcement: Block.__init__() got an unexpected keyword argument 'data'
2025-07-18 17:08:26,930 [ERROR] Error processing announcement: Block.__init__() got an unexpected keyword argument 'data'
2025-07-18 17:08:26,930 [ERROR] Error processing announcement: Block.__init__() got an unexpected keyword argument 'data'
2025-07-18 17:08:26,931 [ERROR] Error processing announcement: Block.__init__() got an unexpected keyword argument 'data'
2025-07-18 17:08:26,931 [ERROR] Error processing announcement: Block.__init__() got an unexpected keyword argument 'data'
2025-07-18 17:08:26,931 [ERROR] Error processing announcement: Block.__init__() got an unexpected keyword argument 'data'
2025-07-18 17:08:26,931 [ERROR] Error processing announcement: Block.__init__() got an unexpected keyword argument 'data'
2025-07-18 17:08:26,932 [ERROR] Error processing announcement: Block.__init__() got an unexpected keyword argument 'data'
2025-07-18 17:08:26,932 [ERROR] Error processing announcement: Block.__init__() got an unexpected keyword argument 'data'
2025-07-18 17:08:26,932 [ERROR] Error processing announcement: Block.__init__() got an unexpected keyword argument 'data'
2025-07-18 17:08:26,932 [ERROR] Error processing announcement: Block.__init__() got an unexpected keyword argument 'data'
2025-07-18 17:08:26,932 [ERROR] Error processing announcement: Block.__init__() got an unexpected keyword argument 'data'
2025-07-18 17:08:26,932 [ERROR] Error processing announcement: Block.__init__() got an unexpected keyword argument 'data'
2025-07-18 17:08:26,933 [ERROR] Error processing announcement: Block.__init__() got an unexpected keyword argument 'data'
2025-07-18 17:08:26,933 [ERROR] Error processing announcement: Block.__init__() got an unexpected keyword argument 'data'
2025-07-18 17:08:26,933 [ERROR] Error processing announcement: Block.__init__() got an unexpected keyword argument 'data'
2025-07-18 17:08:26,933 [ERROR] Error processing announcement: Block.__init__() got an unexpected keyword argument 'data'
2025-07-18 17:08:26,934 [ERROR] Error processing announcement: Block.__init__() got an unexpected keyword argument 'data'
2025-07-18 17:08:26,934 [ERROR] Error processing announcement: Block.__init__() got an unexpected keyword argument 'data'
2025-07-18 17:08:26,934 [ERROR] Error processing announcement: Block.__init__() got an unexpected keyword argument 'data'
2025-07-18 17:08:26,934 [ERROR] Error processing announcement: Block.__init__() got an unexpected keyword argument 'data'
2025-07-18 17:10:56,993 [INFO] 🔐 RPKI Node 65001 started.
2025-07-18 17:10:57,004 [ERROR] Error processing announcement: Block.__init__() got an unexpected keyword argument 'data'
2025-07-18 17:10:57,004 [ERROR] Error processing announcement: Block.__init__() got an unexpected keyword argument 'data'
2025-07-18 17:10:57,017 [ERROR] Error processing announcement: Block.__init__() got an unexpected keyword argument 'data'
2025-07-18 17:10:57,018 [ERROR] Error processing announcement: Block.__init__() got an unexpected keyword argument 'data'
2025-07-18 17:31:20,165 [INFO] 🔐 RPKI Node 65001 started.
2025-07-18 17:32:22,140 [ERROR] Error processing announcement: Block.__init__() got an unexpected keyword argument 'data'
2025-07-18 17:32:22,140 [ERROR] Error processing announcement: Block.__init__() got an unexpected keyword argument 'data'
2025-07-18 17:33:10,187 [ERROR] Failed to process line: Block.__init__() got an unexpected keyword argument 'data'
2025-07-18 17:34:05,204 [ERROR] Failed to process line: Block.__init__() got an unexpected keyword argument 'data'
2025-07-18 17:36:14,659 [INFO] 🔐 RPKI Node 65001 started.
2025-07-18 17:36:14,670 [ERROR] Failed to process line: Block.__init__() got an unexpected keyword argument 'data'
2025-07-18 17:36:14,678 [ERROR] Failed to process line: Block.__init__() got an unexpected keyword argument 'data'
2025-07-18 17:36:39,688 [ERROR] Failed to process line: Block.__init__() got an unexpected keyword argument 'data'
2025-07-18 17:36:39,697 [ERROR] Failed to process line: Block.__init__() got an unexpected keyword argument 'data'
2025-07-18 17:39:04,993 [INFO] 🔐 RPKI Node 65001 started.
2025-07-18 17:39:05,004 [ERROR] Error processing line: Block.__init__() got an unexpected keyword argument 'data'
2025-07-18 17:39:05,012 [ERROR] Error processing line: Block.__init__() got an unexpected keyword argument 'data'
2025-07-18 17:39:25,022 [ERROR] Error processing line: Block.__init__() got an unexpected keyword argument 'data'
2025-07-18 17:39:25,032 [ERROR] Error processing line: Block.__init__() got an unexpected keyword argument 'data'
2025-07-18 17:43:51,255 [INFO] 🔐 RPKI Node 65001 started.
2025-07-18 17:43:51,267 [ERROR] Error processing announcement: Block.__init__() got an unexpected keyword argument 'data'
2025-07-18 17:43:51,267 [ERROR] Error processing announcement: Block.__init__() got an unexpected keyword argument 'data'
2025-07-18 17:43:51,280 [ERROR] Error processing announcement: Block.__init__() got an unexpected keyword argument 'data'
2025-07-18 17:43:51,280 [ERROR] Error processing announcement: Block.__init__() got an unexpected keyword argument 'data'
2025-07-18 17:43:56,288 [ERROR] Error processing announcement: Block.__init__() got an unexpected keyword argument 'data'
2025-07-18 17:43:56,288 [ERROR] Error processing announcement: Block.__init__() got an unexpected keyword argument 'data'
2025-07-18 17:43:56,298 [ERROR] Error processing announcement: Block.__init__() got an unexpected keyword argument 'data'
2025-07-18 17:43:56,298 [ERROR] Error processing announcement: Block.__init__() got an unexpected keyword argument 'data'
2025-07-18 17:44:01,306 [ERROR] Error processing announcement: Block.__init__() got an unexpected keyword argument 'data'
2025-07-18 17:44:01,306 [ERROR] Error processing announcement: Block.__init__() got an unexpected keyword argument 'data'
2025-07-18 17:44:01,314 [ERROR] Error processing announcement: Block.__init__() got an unexpected keyword argument 'data'
2025-07-18 17:44:01,315 [ERROR] Error processing announcement: Block.__init__() got an unexpected keyword argument 'data'
2025-07-18 17:44:06,323 [ERROR] Error processing announcement: Block.__init__() got an unexpected keyword argument 'data'
2025-07-18 17:44:06,323 [ERROR] Error processing announcement: Block.__init__() got an unexpected keyword argument 'data'
2025-07-18 17:44:06,334 [ERROR] Error processing announcement: Block.__init__() got an unexpected keyword argument 'data'
2025-07-18 17:44:06,334 [ERROR] Error processing announcement: Block.__init__() got an unexpected keyword argument 'data'
2025-07-18 17:44:11,342 [ERROR] Error processing announcement: Block.__init__() got an unexpected keyword argument 'data'
2025-07-18 17:44:11,342 [ERROR] Error processing announcement: Block.__init__() got an unexpected keyword argument 'data'
2025-07-18 17:44:11,353 [ERROR] Error processing announcement: Block.__init__() got an unexpected keyword argument 'data'
2025-07-18 17:44:11,353 [ERROR] Error processing announcement: Block.__init__() got an unexpected keyword argument 'data'
2025-07-18 17:44:43,526 [INFO] 🔐 RPKI Node 65001 started.
2025-07-18 17:44:43,537 [ERROR] Error processing announcement: Block.__init__() got an unexpected keyword argument 'data'
2025-07-18 17:44:43,537 [ERROR] Error processing announcement: Block.__init__() got an unexpected keyword argument 'data'
2025-07-18 17:44:43,545 [ERROR] Error processing announcement: Block.__init__() got an unexpected keyword argument 'data'
2025-07-18 17:44:43,545 [ERROR] Error processing announcement: Block.__init__() got an unexpected keyword argument 'data'
2025-07-18 17:44:48,553 [ERROR] Error processing announcement: Block.__init__() got an unexpected keyword argument 'data'
2025-07-18 17:44:48,553 [ERROR] Error processing announcement: Block.__init__() got an unexpected keyword argument 'data'
2025-07-18 17:44:48,561 [ERROR] Error processing announcement: Block.__init__() got an unexpected keyword argument 'data'
2025-07-18 17:44:48,561 [ERROR] Error processing announcement: Block.__init__() got an unexpected keyword argument 'data'
2025-07-18 17:44:53,570 [ERROR] Error processing announcement: Block.__init__() got an unexpected keyword argument 'data'
2025-07-18 17:44:53,570 [ERROR] Error processing announcement: Block.__init__() got an unexpected keyword argument 'data'
2025-07-18 17:44:53,578 [ERROR] Error processing announcement: Block.__init__() got an unexpected keyword argument 'data'
2025-07-18 17:44:53,578 [ERROR] Error processing announcement: Block.__init__() got an unexpected keyword argument 'data'
2025-07-18 17:48:51,014 [INFO] 🔐 RPKI Node 65001 started.
2025-07-18 17:48:51,024 [ERROR] Error processing announcement: Block.__init__() got an unexpected keyword argument 'data'
2025-07-18 17:48:51,024 [ERROR] Error processing announcement: Block.__init__() got an unexpected keyword argument 'data'
2025-07-18 17:48:51,033 [ERROR] Error processing announcement: Block.__init__() got an unexpected keyword argument 'data'
2025-07-18 17:48:51,033 [ERROR] Error processing announcement: Block.__init__() got an unexpected keyword argument 'data'
2025-07-18 17:48:56,041 [ERROR] Error processing announcement: Block.__init__() got an unexpected keyword argument 'data'
2025-07-18 17:48:56,041 [ERROR] Error processing announcement: Block.__init__() got an unexpected keyword argument 'data'
2025-07-18 17:48:56,049 [ERROR] Error processing announcement: Block.__init__() got an unexpected keyword argument 'data'
2025-07-18 17:48:56,049 [ERROR] Error processing announcement: Block.__init__() got an unexpected keyword argument 'data'
2025-07-18 17:49:01,057 [ERROR] Error processing announcement: Block.__init__() got an unexpected keyword argument 'data'
2025-07-18 17:49:01,058 [ERROR] Error processing announcement: Block.__init__() got an unexpected keyword argument 'data'
2025-07-18 17:49:01,067 [ERROR] Error processing announcement: Block.__init__() got an unexpected keyword argument 'data'
2025-07-18 17:49:01,067 [ERROR] Error processing announcement: Block.__init__() got an unexpected keyword argument 'data'
2025-07-18 17:49:06,074 [ERROR] Error processing announcement: Block.__init__() got an unexpected keyword argument 'data'
2025-07-18 17:49:06,075 [ERROR] Error processing announcement: Block.__init__() got an unexpected keyword argument 'data'
2025-07-18 17:49:06,087 [ERROR] Error processing announcement: Block.__init__() got an unexpected keyword argument 'data'
2025-07-18 17:49:06,087 [ERROR] Error processing announcement: Block.__init__() got an unexpected keyword argument 'data'
2025-07-18 17:49:11,095 [ERROR] Error processing announcement: Block.__init__() got an unexpected keyword argument 'data'
2025-07-18 17:49:11,095 [ERROR] Error processing announcement: Block.__init__() got an unexpected keyword argument 'data'
2025-07-18 17:49:11,103 [ERROR] Error processing announcement: Block.__init__() got an unexpected keyword argument 'data'
2025-07-18 17:49:11,103 [ERROR] Error processing announcement: Block.__init__() got an unexpected keyword argument 'data'
2025-07-18 17:49:16,111 [ERROR] Error processing announcement: Block.__init__() got an unexpected keyword argument 'data'
2025-07-18 17:49:16,111 [ERROR] Error processing announcement: Block.__init__() got an unexpected keyword argument 'data'
2025-07-18 17:49:16,119 [ERROR] Error processing announcement: Block.__init__() got an unexpected keyword argument 'data'
2025-07-18 17:49:16,119 [ERROR] Error processing announcement: Block.__init__() got an unexpected keyword argument 'data'
2025-07-18 17:49:21,129 [ERROR] Error processing announcement: Block.__init__() got an unexpected keyword argument 'data'
2025-07-18 17:49:21,129 [ERROR] Error processing announcement: Block.__init__() got an unexpected keyword argument 'data'
2025-07-18 17:49:21,136 [ERROR] Error processing announcement: Block.__init__() got an unexpected keyword argument 'data'
2025-07-18 17:49:21,136 [ERROR] Error processing announcement: Block.__init__() got an unexpected keyword argument 'data'
2025-07-18 17:49:26,145 [ERROR] Error processing announcement: Block.__init__() got an unexpected keyword argument 'data'
2025-07-18 17:49:26,145 [ERROR] Error processing announcement: Block.__init__() got an unexpected keyword argument 'data'
2025-07-18 17:49:26,153 [ERROR] Error processing announcement: Block.__init__() got an unexpected keyword argument 'data'
2025-07-18 17:49:26,153 [ERROR] Error processing announcement: Block.__init__() got an unexpected keyword argument 'data'
2025-07-18 17:49:31,161 [ERROR] Error processing announcement: Block.__init__() got an unexpected keyword argument 'data'
2025-07-18 17:49:31,161 [ERROR] Error processing announcement: Block.__init__() got an unexpected keyword argument 'data'
2025-07-18 17:49:31,169 [ERROR] Error processing announcement: Block.__init__() got an unexpected keyword argument 'data'
2025-07-18 17:49:31,169 [ERROR] Error processing announcement: Block.__init__() got an unexpected keyword argument 'data'
2025-07-18 17:49:36,177 [ERROR] Error processing announcement: Block.__init__() got an unexpected keyword argument 'data'
2025-07-18 17:49:36,177 [ERROR] Error processing announcement: Block.__init__() got an unexpected keyword argument 'data'
2025-07-18 17:49:36,185 [ERROR] Error processing announcement: Block.__init__() got an unexpected keyword argument 'data'
2025-07-18 17:49:36,185 [ERROR] Error processing announcement: Block.__init__() got an unexpected keyword argument 'data'
2025-07-18 17:49:41,193 [ERROR] Error processing announcement: Block.__init__() got an unexpected keyword argument 'data'
2025-07-18 17:49:41,193 [ERROR] Error processing announcement: Block.__init__() got an unexpected keyword argument 'data'
2025-07-18 17:49:41,201 [ERROR] Error processing announcement: Block.__init__() got an unexpected keyword argument 'data'
2025-07-18 17:49:41,201 [ERROR] Error processing announcement: Block.__init__() got an unexpected keyword argument 'data'
2025-07-18 17:49:46,209 [ERROR] Error processing announcement: Block.__init__() got an unexpected keyword argument 'data'
2025-07-18 17:49:46,209 [ERROR] Error processing announcement: Block.__init__() got an unexpected keyword argument 'data'
2025-07-18 17:49:46,217 [ERROR] Error processing announcement: Block.__init__() got an unexpected keyword argument 'data'
2025-07-18 17:49:46,217 [ERROR] Error processing announcement: Block.__init__() got an unexpected keyword argument 'data'
2025-07-18 17:49:51,225 [ERROR] Error processing announcement: Block.__init__() got an unexpected keyword argument 'data'
2025-07-18 17:49:51,225 [ERROR] Error processing announcement: Block.__init__() got an unexpected keyword argument 'data'
2025-07-18 17:49:51,233 [ERROR] Error processing announcement: Block.__init__() got an unexpected keyword argument 'data'
2025-07-18 17:49:51,233 [ERROR] Error processing announcement: Block.__init__() got an unexpected keyword argument 'data'
2025-07-18 17:49:56,241 [ERROR] Error processing announcement: Block.__init__() got an unexpected keyword argument 'data'
2025-07-18 17:49:56,241 [ERROR] Error processing announcement: Block.__init__() got an unexpected keyword argument 'data'
2025-07-18 17:49:56,249 [ERROR] Error processing announcement: Block.__init__() got an unexpected keyword argument 'data'
2025-07-18 17:49:56,249 [ERROR] Error processing announcement: Block.__init__() got an unexpected keyword argument 'data'
2025-07-18 17:50:01,257 [ERROR] Error processing announcement: Block.__init__() got an unexpected keyword argument 'data'
2025-07-18 17:50:01,257 [ERROR] Error processing announcement: Block.__init__() got an unexpected keyword argument 'data'
2025-07-18 17:50:01,265 [ERROR] Error processing announcement: Block.__init__() got an unexpected keyword argument 'data'
2025-07-18 17:50:01,266 [ERROR] Error processing announcement: Block.__init__() got an unexpected keyword argument 'data'
2025-07-18 17:50:06,273 [ERROR] Error processing announcement: Block.__init__() got an unexpected keyword argument 'data'
2025-07-18 17:50:06,273 [ERROR] Error processing announcement: Block.__init__() got an unexpected keyword argument 'data'
2025-07-18 17:50:06,281 [ERROR] Error processing announcement: Block.__init__() got an unexpected keyword argument 'data'
2025-07-18 17:50:06,281 [ERROR] Error processing announcement: Block.__init__() got an unexpected keyword argument 'data'
2025-07-18 17:50:11,289 [ERROR] Error processing announcement: Block.__init__() got an unexpected keyword argument 'data'
2025-07-18 17:50:11,289 [ERROR] Error processing announcement: Block.__init__() got an unexpected keyword argument 'data'
2025-07-18 17:50:11,297 [ERROR] Error processing announcement: Block.__init__() got an unexpected keyword argument 'data'
2025-07-18 17:50:11,297 [ERROR] Error processing announcement: Block.__init__() got an unexpected keyword argument 'data'
2025-07-18 17:50:16,305 [ERROR] Error processing announcement: Block.__init__() got an unexpected keyword argument 'data'
2025-07-18 17:50:16,305 [ERROR] Error processing announcement: Block.__init__() got an unexpected keyword argument 'data'
2025-07-18 17:50:16,313 [ERROR] Error processing announcement: Block.__init__() got an unexpected keyword argument 'data'
2025-07-18 17:50:16,313 [ERROR] Error processing announcement: Block.__init__() got an unexpected keyword argument 'data'
2025-07-18 17:50:21,321 [ERROR] Error processing announcement: Block.__init__() got an unexpected keyword argument 'data'
2025-07-18 17:50:21,321 [ERROR] Error processing announcement: Block.__init__() got an unexpected keyword argument 'data'
2025-07-18 17:50:21,329 [ERROR] Error processing announcement: Block.__init__() got an unexpected keyword argument 'data'
2025-07-18 17:50:21,329 [ERROR] Error processing announcement: Block.__init__() got an unexpected keyword argument 'data'
2025-07-18 17:50:26,337 [ERROR] Error processing announcement: Block.__init__() got an unexpected keyword argument 'data'
2025-07-18 17:50:26,337 [ERROR] Error processing announcement: Block.__init__() got an unexpected keyword argument 'data'
2025-07-18 17:50:26,344 [ERROR] Error processing announcement: Block.__init__() got an unexpected keyword argument 'data'
2025-07-18 17:50:26,344 [ERROR] Error processing announcement: Block.__init__() got an unexpected keyword argument 'data'
2025-07-18 17:50:31,352 [ERROR] Error processing announcement: Block.__init__() got an unexpected keyword argument 'data'
2025-07-18 17:50:31,352 [ERROR] Error processing announcement: Block.__init__() got an unexpected keyword argument 'data'
2025-07-18 17:50:31,360 [ERROR] Error processing announcement: Block.__init__() got an unexpected keyword argument 'data'
2025-07-18 17:50:31,360 [ERROR] Error processing announcement: Block.__init__() got an unexpected keyword argument 'data'
2025-07-18 17:50:36,367 [ERROR] Error processing announcement: Block.__init__() got an unexpected keyword argument 'data'
2025-07-18 17:50:36,368 [ERROR] Error processing announcement: Block.__init__() got an unexpected keyword argument 'data'
2025-07-18 17:50:36,375 [ERROR] Error processing announcement: Block.__init__() got an unexpected keyword argument 'data'
2025-07-18 17:50:36,375 [ERROR] Error processing announcement: Block.__init__() got an unexpected keyword argument 'data'
2025-07-18 17:50:41,383 [ERROR] Error processing announcement: Block.__init__() got an unexpected keyword argument 'data'
2025-07-18 17:50:41,383 [ERROR] Error processing announcement: Block.__init__() got an unexpected keyword argument 'data'
2025-07-18 17:50:41,391 [ERROR] Error processing announcement: Block.__init__() got an unexpected keyword argument 'data'
2025-07-18 17:50:41,391 [ERROR] Error processing announcement: Block.__init__() got an unexpected keyword argument 'data'
2025-07-18 18:19:01,500 [ERROR] Error processing announcement: Block.__init__() got an unexpected keyword argument 'data'
2025-07-18 18:19:01,500 [ERROR] Error processing announcement: Block.__init__() got an unexpected keyword argument 'data'
2025-07-18 18:19:01,507 [ERROR] Error processing announcement: Block.__init__() got an unexpected keyword argument 'data'
2025-07-18 18:19:01,507 [ERROR] Error processing announcement: Block.__init__() got an unexpected keyword argument 'data'
2025-07-18 18:19:06,542 [ERROR] Error processing announcement: Block.__init__() got an unexpected keyword argument 'data'
2025-07-18 18:19:06,543 [ERROR] Error processing announcement: Block.__init__() got an unexpected keyword argument 'data'
2025-07-18 18:19:06,561 [ERROR] Error processing announcement: Block.__init__() got an unexpected keyword argument 'data'
2025-07-18 18:19:06,561 [ERROR] Error processing announcement: Block.__init__() got an unexpected keyword argument 'data'
2025-07-18 18:19:11,573 [ERROR] Error processing announcement: Block.__init__() got an unexpected keyword argument 'data'
2025-07-18 18:19:11,573 [ERROR] Error processing announcement: Block.__init__() got an unexpected keyword argument 'data'
2025-07-18 18:19:11,582 [ERROR] Error processing announcement: Block.__init__() got an unexpected keyword argument 'data'
2025-07-18 18:19:11,582 [ERROR] Error processing announcement: Block.__init__() got an unexpected keyword argument 'data'
2025-07-18 18:19:16,592 [ERROR] Error processing announcement: Block.__init__() got an unexpected keyword argument 'data'
2025-07-18 18:19:16,592 [ERROR] Error processing announcement: Block.__init__() got an unexpected keyword argument 'data'
2025-07-18 18:19:16,603 [ERROR] Error processing announcement: Block.__init__() got an unexpected keyword argument 'data'
2025-07-18 18:19:16,603 [ERROR] Error processing announcement: Block.__init__() got an unexpected keyword argument 'data'
2025-07-18 18:19:21,613 [ERROR] Error processing announcement: Block.__init__() got an unexpected keyword argument 'data'
2025-07-18 18:19:21,614 [ERROR] Error processing announcement: Block.__init__() got an unexpected keyword argument 'data'
2025-07-18 18:19:21,622 [ERROR] Error processing announcement: Block.__init__() got an unexpected keyword argument 'data'
2025-07-18 18:19:21,622 [ERROR] Error processing announcement: Block.__init__() got an unexpected keyword argument 'data'
2025-07-18 18:19:26,637 [ERROR] Error processing announcement: Block.__init__() got an unexpected keyword argument 'data'
2025-07-18 18:19:26,637 [ERROR] Error processing announcement: Block.__init__() got an unexpected keyword argument 'data'
2025-07-18 18:19:26,649 [ERROR] Error processing announcement: Block.__init__() got an unexpected keyword argument 'data'
2025-07-18 18:19:26,649 [ERROR] Error processing announcement: Block.__init__() got an unexpected keyword argument 'data'
2025-07-18 18:19:31,657 [ERROR] Error processing announcement: Block.__init__() got an unexpected keyword argument 'data'
2025-07-18 18:19:31,657 [ERROR] Error processing announcement: Block.__init__() got an unexpected keyword argument 'data'
2025-07-18 18:19:31,669 [ERROR] Error processing announcement: Block.__init__() got an unexpected keyword argument 'data'
2025-07-18 18:19:31,669 [ERROR] Error processing announcement: Block.__init__() got an unexpected keyword argument 'data'
2025-07-18 18:19:36,678 [ERROR] Error processing announcement: Block.__init__() got an unexpected keyword argument 'data'
2025-07-18 18:19:36,678 [ERROR] Error processing announcement: Block.__init__() got an unexpected keyword argument 'data'
2025-07-18 18:19:36,688 [ERROR] Error processing announcement: Block.__init__() got an unexpected keyword argument 'data'
2025-07-18 18:19:36,688 [ERROR] Error processing announcement: Block.__init__() got an unexpected keyword argument 'data'
2025-07-18 18:19:41,699 [ERROR] Error processing announcement: Block.__init__() got an unexpected keyword argument 'data'
2025-07-18 18:19:41,699 [ERROR] Error processing announcement: Block.__init__() got an unexpected keyword argument 'data'
2025-07-18 18:19:41,707 [ERROR] Error processing announcement: Block.__init__() got an unexpected keyword argument 'data'
2025-07-18 18:19:41,707 [ERROR] Error processing announcement: Block.__init__() got an unexpected keyword argument 'data'
2025-07-18 18:19:46,716 [ERROR] Error processing announcement: Block.__init__() got an unexpected keyword argument 'data'
2025-07-18 18:19:46,716 [ERROR] Error processing announcement: Block.__init__() got an unexpected keyword argument 'data'
2025-07-18 18:19:46,726 [ERROR] Error processing announcement: Block.__init__() got an unexpected keyword argument 'data'
2025-07-18 18:19:46,726 [ERROR] Error processing announcement: Block.__init__() got an unexpected keyword argument 'data'
2025-07-18 18:19:51,738 [ERROR] Error processing announcement: Block.__init__() got an unexpected keyword argument 'data'
2025-07-18 18:19:51,739 [ERROR] Error processing announcement: Block.__init__() got an unexpected keyword argument 'data'
2025-07-18 18:19:51,748 [ERROR] Error processing announcement: Block.__init__() got an unexpected keyword argument 'data'
2025-07-18 18:19:51,748 [ERROR] Error processing announcement: Block.__init__() got an unexpected keyword argument 'data'
2025-07-18 18:19:56,757 [ERROR] Error processing announcement: Block.__init__() got an unexpected keyword argument 'data'
2025-07-18 18:19:56,757 [ERROR] Error processing announcement: Block.__init__() got an unexpected keyword argument 'data'
2025-07-18 18:19:56,767 [ERROR] Error processing announcement: Block.__init__() got an unexpected keyword argument 'data'
2025-07-18 18:19:56,767 [ERROR] Error processing announcement: Block.__init__() got an unexpected keyword argument 'data'
2025-07-18 18:20:01,775 [ERROR] Error processing announcement: Block.__init__() got an unexpected keyword argument 'data'
2025-07-18 18:20:01,775 [ERROR] Error processing announcement: Block.__init__() got an unexpected keyword argument 'data'
2025-07-18 18:20:01,787 [ERROR] Error processing announcement: Block.__init__() got an unexpected keyword argument 'data'
2025-07-18 18:20:01,787 [ERROR] Error processing announcement: Block.__init__() got an unexpected keyword argument 'data'
2025-07-18 18:20:06,801 [ERROR] Error processing announcement: Block.__init__() got an unexpected keyword argument 'data'
2025-07-18 18:20:06,801 [ERROR] Error processing announcement: Block.__init__() got an unexpected keyword argument 'data'
2025-07-18 18:20:06,811 [ERROR] Error processing announcement: Block.__init__() got an unexpected keyword argument 'data'
2025-07-18 18:20:06,811 [ERROR] Error processing announcement: Block.__init__() got an unexpected keyword argument 'data'
2025-07-18 18:20:11,822 [ERROR] Error processing announcement: Block.__init__() got an unexpected keyword argument 'data'
2025-07-18 18:20:11,822 [ERROR] Error processing announcement: Block.__init__() got an unexpected keyword argument 'data'
2025-07-18 18:20:11,835 [ERROR] Error processing announcement: Block.__init__() got an unexpected keyword argument 'data'
2025-07-18 18:20:11,835 [ERROR] Error processing announcement: Block.__init__() got an unexpected keyword argument 'data'
2025-07-18 18:20:16,844 [ERROR] Error processing announcement: Block.__init__() got an unexpected keyword argument 'data'
2025-07-18 18:20:16,844 [ERROR] Error processing announcement: Block.__init__() got an unexpected keyword argument 'data'
2025-07-18 18:20:16,855 [ERROR] Error processing announcement: Block.__init__() got an unexpected keyword argument 'data'
2025-07-18 18:20:16,856 [ERROR] Error processing announcement: Block.__init__() got an unexpected keyword argument 'data'
2025-07-18 18:20:21,867 [ERROR] Error processing announcement: Block.__init__() got an unexpected keyword argument 'data'
2025-07-18 18:20:21,867 [ERROR] Error processing announcement: Block.__init__() got an unexpected keyword argument 'data'
2025-07-18 18:20:21,875 [ERROR] Error processing announcement: Block.__init__() got an unexpected keyword argument 'data'
2025-07-18 18:20:21,875 [ERROR] Error processing announcement: Block.__init__() got an unexpected keyword argument 'data'
2025-07-18 18:20:26,885 [ERROR] Error processing announcement: Block.__init__() got an unexpected keyword argument 'data'
2025-07-18 18:20:26,885 [ERROR] Error processing announcement: Block.__init__() got an unexpected keyword argument 'data'
2025-07-18 18:20:26,898 [ERROR] Error processing announcement: Block.__init__() got an unexpected keyword argument 'data'
2025-07-18 18:20:26,898 [ERROR] Error processing announcement: Block.__init__() got an unexpected keyword argument 'data'
2025-07-18 18:20:31,909 [ERROR] Error processing announcement: Block.__init__() got an unexpected keyword argument 'data'
2025-07-18 18:20:31,909 [ERROR] Error processing announcement: Block.__init__() got an unexpected keyword argument 'data'
2025-07-18 18:20:31,917 [ERROR] Error processing announcement: Block.__init__() got an unexpected keyword argument 'data'
2025-07-18 18:20:31,918 [ERROR] Error processing announcement: Block.__init__() got an unexpected keyword argument 'data'
2025-07-18 18:20:36,929 [ERROR] Error processing announcement: Block.__init__() got an unexpected keyword argument 'data'
2025-07-18 18:20:36,929 [ERROR] Error processing announcement: Block.__init__() got an unexpected keyword argument 'data'
2025-07-18 18:20:36,938 [ERROR] Error processing announcement: Block.__init__() got an unexpected keyword argument 'data'
2025-07-18 18:20:36,938 [ERROR] Error processing announcement: Block.__init__() got an unexpected keyword argument 'data'
2025-07-18 18:20:41,947 [ERROR] Error processing announcement: Block.__init__() got an unexpected keyword argument 'data'
2025-07-18 18:20:41,947 [ERROR] Error processing announcement: Block.__init__() got an unexpected keyword argument 'data'
2025-07-18 18:20:41,958 [ERROR] Error processing announcement: Block.__init__() got an unexpected keyword argument 'data'
2025-07-18 18:20:41,958 [ERROR] Error processing announcement: Block.__init__() got an unexpected keyword argument 'data'
2025-07-18 18:20:46,967 [ERROR] Error processing announcement: Block.__init__() got an unexpected keyword argument 'data'
2025-07-18 18:20:46,967 [ERROR] Error processing announcement: Block.__init__() got an unexpected keyword argument 'data'
2025-07-18 18:20:46,979 [ERROR] Error processing announcement: Block.__init__() got an unexpected keyword argument 'data'
2025-07-18 18:20:46,979 [ERROR] Error processing announcement: Block.__init__() got an unexpected keyword argument 'data'
2025-07-18 18:20:51,989 [ERROR] Error processing announcement: Block.__init__() got an unexpected keyword argument 'data'
2025-07-18 18:20:51,989 [ERROR] Error processing announcement: Block.__init__() got an unexpected keyword argument 'data'
2025-07-18 18:20:51,998 [ERROR] Error processing announcement: Block.__init__() got an unexpected keyword argument 'data'
2025-07-18 18:20:51,999 [ERROR] Error processing announcement: Block.__init__() got an unexpected keyword argument 'data'
2025-07-18 18:20:57,010 [ERROR] Error processing announcement: Block.__init__() got an unexpected keyword argument 'data'
2025-07-18 19:17:38,198 [ERROR] Error processing announcement: Block.__init__() got an unexpected keyword argument 'data'
2025-07-18 19:17:38,207 [ERROR] Error processing announcement: [Errno 5] Input/output error
2025-07-18 19:17:38,207 [ERROR] Error processing announcement: [Errno 5] Input/output error
