2025/07/18 19:50:13 ZEBRA: [SHWNK-NWT5S][EC 100663304] No such command on config line 9: interface lo
2025/07/18 19:50:13 ZEBRA: [SHWNK-NWT5S][EC 100663304] No such command on config line 10:   ip address 127.0.0.1/32
2025/07/18 19:50:13 ZEBRA: [SHWNK-NWT5S][EC 100663304] No such command on config line 12: interface R8-eth1
2025/07/18 19:50:13 ZEBRA: [SHWNK-NWT5S][EC 100663304] No such command on config line 13:   ip address 10.7.0.254/24
2025/07/18 19:50:13 ZEBRA: [SHWNK-NWT5S][EC 100663304] No such command on config line 15: interface R8-eth2
2025/07/18 19:50:13 ZEBRA: [SHWNK-NWT5S][EC 100663304] No such command on config line 16:   ip address 10.7.1.254/24
2025/07/18 19:50:13 ZEBRA: [SHWNK-NWT5S][EC 100663304] No such command on config line 18: interface R8-eth3
2025/07/18 19:50:13 ZEBRA: [SHWNK-NWT5S][EC 100663304] No such command on config line 19:   ip address 9.0.4.2/30
2025/07/18 19:50:13 ZEBRA: [SHWNK-NWT5S][EC 100663304] No such command on config line 21: interface R8-eth4
2025/07/18 19:50:13 ZEBRA: [SHWNK-NWT5S][EC 100663304] No such command on config line 22:   ip address 9.0.11.2/30
2025/07/18 19:50:13 ZEBRA: [SHWNK-NWT5S][EC 100663304] No such command on config line 24: interface R8-eth5
2025/07/18 19:50:13 ZEBRA: [SHWNK-NWT5S][EC 100663304] No such command on config line 25:   ip address 9.0.12.1/30
2025/07/18 19:50:13 ZEBRA: [SHWNK-NWT5S][EC 100663304] No such command on config line 27: interface R8-eth6
2025/07/18 19:50:13 ZEBRA: [SHWNK-NWT5S][EC 100663304] No such command on config line 28:   ip address 9.0.13.1/30
2025/07/18 19:50:13 ZEBRA: [K55SV-YMF8X] Sweeping the RIB for stale routes...
2025/07/18 19:50:13 ZEBRA: [V98V0-MTWPF] client 31 says hello and bids fair to announce only bgp routes vrf=0
2025/07/18 19:50:13 ZEBRA: [V98V0-MTWPF] client 35 says hello and bids fair to announce only vnc routes vrf=0
2025/07/18 19:50:13 ZEBRA: [X3G8F-PM93W] BE-client: mgmt_msg_read: got EOF/disconnect
2025/07/18 19:50:13 ZEBRA: [X3G8F-PM93W] BE-client: mgmt_msg_read: got EOF/disconnect
2025/07/18 19:50:13 ZEBRA: [X3G8F-PM93W] BE-client: mgmt_msg_read: got EOF/disconnect
2025/07/18 19:50:14 ZEBRA: [X3G8F-PM93W] BE-client: mgmt_msg_read: got EOF/disconnect
2025/07/18 19:50:14 ZEBRA: [X3G8F-PM93W] BE-client: mgmt_msg_read: got EOF/disconnect
2025/07/18 19:50:14 ZEBRA: [X3G8F-PM93W] BE-client: mgmt_msg_read: got EOF/disconnect
2025/07/18 19:50:14 ZEBRA: [X3G8F-PM93W] BE-client: mgmt_msg_read: got EOF/disconnect
2025/07/18 19:50:15 ZEBRA: [X3G8F-PM93W] BE-client: mgmt_msg_read: got EOF/disconnect
2025/07/18 19:50:15 ZEBRA: [X3G8F-PM93W] BE-client: mgmt_msg_read: got EOF/disconnect
2025/07/18 19:50:15 ZEBRA: [X3G8F-PM93W] BE-client: mgmt_msg_read: got EOF/disconnect
2025/07/18 19:50:16 ZEBRA: [X3G8F-PM93W] BE-client: mgmt_msg_read: got EOF/disconnect
2025/07/18 19:50:16 ZEBRA: [X3G8F-PM93W] BE-client: mgmt_msg_read: got EOF/disconnect
2025/07/18 19:50:16 ZEBRA: [X3G8F-PM93W] BE-client: mgmt_msg_read: got EOF/disconnect
2025/07/18 19:50:16 ZEBRA: [X3G8F-PM93W] BE-client: mgmt_msg_read: got EOF/disconnect
2025/07/18 19:50:17 ZEBRA: [X3G8F-PM93W] BE-client: mgmt_msg_read: got EOF/disconnect
2025/07/18 19:50:17 ZEBRA: [X3G8F-PM93W] BE-client: mgmt_msg_read: got EOF/disconnect
2025/07/18 19:50:17 ZEBRA: [X3G8F-PM93W] BE-client: mgmt_msg_read: got EOF/disconnect
2025/07/18 19:50:17 ZEBRA: [X3G8F-PM93W] BE-client: mgmt_msg_read: got EOF/disconnect
2025/07/18 19:50:18 ZEBRA: [X3G8F-PM93W] BE-client: mgmt_msg_read: got EOF/disconnect
2025/07/18 19:50:18 ZEBRA: [X3G8F-PM93W] BE-client: mgmt_msg_read: got EOF/disconnect
2025/07/18 19:50:18 ZEBRA: [X3G8F-PM93W] BE-client: mgmt_msg_read: got EOF/disconnect
2025/07/18 19:50:18 ZEBRA: [X3G8F-PM93W] BE-client: mgmt_msg_read: got EOF/disconnect
2025/07/18 19:50:19 ZEBRA: [X3G8F-PM93W] BE-client: mgmt_msg_read: got EOF/disconnect
2025/07/18 19:50:19 ZEBRA: [X3G8F-PM93W] BE-client: mgmt_msg_read: got EOF/disconnect
2025/07/18 19:50:19 ZEBRA: [X3G8F-PM93W] BE-client: mgmt_msg_read: got EOF/disconnect
2025/07/18 19:50:20 ZEBRA: [X3G8F-PM93W] BE-client: mgmt_msg_read: got EOF/disconnect
2025/07/18 19:50:20 ZEBRA: [X3G8F-PM93W] BE-client: mgmt_msg_read: got EOF/disconnect
2025/07/18 19:50:20 ZEBRA: [X3G8F-PM93W] BE-client: mgmt_msg_read: got EOF/disconnect
2025/07/18 19:50:20 ZEBRA: [X3G8F-PM93W] BE-client: mgmt_msg_read: got EOF/disconnect
2025/07/18 19:50:21 ZEBRA: [X3G8F-PM93W] BE-client: mgmt_msg_read: got EOF/disconnect
2025/07/18 19:50:21 ZEBRA: [YKHB9-ND03T] BE-client: msg_conn_send_msg: can't send message on closed connection
2025/07/18 19:50:21 ZEBRA: [ZQRGQ-FT75P] NB_OP_CHANGE: nb_notify_delete_changes: ERROR: Error sending delete notification message for path: /frr-interface:lib/interface[name="R8-eth3"]/state
2025/07/18 19:50:21 ZEBRA: [YKHB9-ND03T] BE-client: msg_conn_send_msg: can't send message on closed connection
2025/07/18 19:50:21 ZEBRA: [ZQRGQ-FT75P] NB_OP_CHANGE: nb_notify_delete_changes: ERROR: Error sending delete notification message for path: /frr-interface:lib/interface[name="R8-eth3"]/state
2025/07/18 19:50:21 ZEBRA: [YKHB9-ND03T] BE-client: msg_conn_send_msg: can't send message on closed connection
2025/07/18 19:50:21 ZEBRA: [ZQRGQ-FT75P] NB_OP_CHANGE: nb_notify_delete_changes: ERROR: Error sending delete notification message for path: /frr-interface:lib/interface[name="R8-eth3"]/state
2025/07/18 19:50:21 ZEBRA: [YKHB9-ND03T] BE-client: msg_conn_send_msg: can't send message on closed connection
2025/07/18 19:50:21 ZEBRA: [ZQRGQ-FT75P] NB_OP_CHANGE: nb_notify_delete_changes: ERROR: Error sending delete notification message for path: /frr-interface:lib/interface[name="R8-eth3"]/state
2025/07/18 19:50:21 ZEBRA: [YKHB9-ND03T] BE-client: msg_conn_send_msg: can't send message on closed connection
2025/07/18 19:50:21 ZEBRA: [ZQRGQ-FT75P] NB_OP_CHANGE: nb_notify_delete_changes: ERROR: Error sending delete notification message for path: /frr-interface:lib/interface[name="R8-eth3"]/state
2025/07/18 19:50:21 ZEBRA: [YKHB9-ND03T] BE-client: msg_conn_send_msg: can't send message on closed connection
2025/07/18 19:50:21 ZEBRA: [ZQRGQ-FT75P] NB_OP_CHANGE: nb_notify_delete_changes: ERROR: Error sending delete notification message for path: /frr-interface:lib/interface[name="R8-eth3"]/state
2025/07/18 19:50:21 ZEBRA: [YKHB9-ND03T] BE-client: msg_conn_send_msg: can't send message on closed connection
2025/07/18 19:50:21 ZEBRA: [ZQRGQ-FT75P] NB_OP_CHANGE: nb_notify_delete_changes: ERROR: Error sending delete notification message for path: /frr-interface:lib/interface[name="R8-eth3"]/state
2025/07/18 19:50:21 ZEBRA: [YKHB9-ND03T] BE-client: msg_conn_send_msg: can't send message on closed connection
2025/07/18 19:50:21 ZEBRA: [ZQRGQ-FT75P] NB_OP_CHANGE: nb_notify_delete_changes: ERROR: Error sending delete notification message for path: /frr-interface:lib/interface[name="R8-eth3"]/state
2025/07/18 19:50:21 ZEBRA: [YKHB9-ND03T] BE-client: msg_conn_send_msg: can't send message on closed connection
2025/07/18 19:50:21 ZEBRA: [ZQRGQ-FT75P] NB_OP_CHANGE: nb_notify_delete_changes: ERROR: Error sending delete notification message for path: /frr-interface:lib/interface[name="R8-eth3"]/state
2025/07/18 19:50:21 ZEBRA: [YKHB9-ND03T] BE-client: msg_conn_send_msg: can't send message on closed connection
2025/07/18 19:50:21 ZEBRA: [ZQRGQ-FT75P] NB_OP_CHANGE: nb_notify_delete_changes: ERROR: Error sending delete notification message for path: /frr-interface:lib/interface[name="R8-eth3"]/state
2025/07/18 19:50:21 ZEBRA: [YKHB9-ND03T] BE-client: msg_conn_send_msg: can't send message on closed connection
2025/07/18 19:50:21 ZEBRA: [ZQRGQ-FT75P] NB_OP_CHANGE: nb_notify_delete_changes: ERROR: Error sending delete notification message for path: /frr-interface:lib/interface[name="R8-eth3"]/state
2025/07/18 19:50:21 ZEBRA: [YKHB9-ND03T] BE-client: msg_conn_send_msg: can't send message on closed connection
2025/07/18 19:50:21 ZEBRA: [ZQRGQ-FT75P] NB_OP_CHANGE: nb_notify_delete_changes: ERROR: Error sending delete notification message for path: /frr-interface:lib/interface[name="R8-eth3"]/state
2025/07/18 19:50:21 ZEBRA: [YKHB9-ND03T] BE-client: msg_conn_send_msg: can't send message on closed connection
2025/07/18 19:50:21 ZEBRA: [ZQRGQ-FT75P] NB_OP_CHANGE: nb_notify_delete_changes: ERROR: Error sending delete notification message for path: /frr-interface:lib/interface[name="R8-eth3"]/state
2025/07/18 19:50:21 ZEBRA: [YKHB9-ND03T] BE-client: msg_conn_send_msg: can't send message on closed connection
2025/07/18 19:50:21 ZEBRA: [ZQRGQ-FT75P] NB_OP_CHANGE: nb_notify_delete_changes: ERROR: Error sending delete notification message for path: /frr-interface:lib/interface[name="R8-eth3"]/state
2025/07/18 19:50:21 ZEBRA: [X3G8F-PM93W] BE-client: mgmt_msg_read: got EOF/disconnect
2025/07/18 19:50:21 ZEBRA: [X3G8F-PM93W] BE-client: mgmt_msg_read: got EOF/disconnect
2025/07/18 19:50:21 ZEBRA: [YKHB9-ND03T] BE-client: msg_conn_send_msg: can't send message on closed connection
2025/07/18 19:50:21 ZEBRA: [ZQRGQ-FT75P] NB_OP_CHANGE: nb_notify_delete_changes: ERROR: Error sending delete notification message for path: /frr-interface:lib/interface[name="R8-eth4"]/state
2025/07/18 19:50:21 ZEBRA: [YKHB9-ND03T] BE-client: msg_conn_send_msg: can't send message on closed connection
2025/07/18 19:50:21 ZEBRA: [ZQRGQ-FT75P] NB_OP_CHANGE: nb_notify_delete_changes: ERROR: Error sending delete notification message for path: /frr-interface:lib/interface[name="R8-eth4"]/state
2025/07/18 19:50:21 ZEBRA: [YKHB9-ND03T] BE-client: msg_conn_send_msg: can't send message on closed connection
2025/07/18 19:50:21 ZEBRA: [ZQRGQ-FT75P] NB_OP_CHANGE: nb_notify_delete_changes: ERROR: Error sending delete notification message for path: /frr-interface:lib/interface[name="R8-eth4"]/state
2025/07/18 19:50:21 ZEBRA: [YKHB9-ND03T] BE-client: msg_conn_send_msg: can't send message on closed connection
2025/07/18 19:50:21 ZEBRA: [ZQRGQ-FT75P] NB_OP_CHANGE: nb_notify_delete_changes: ERROR: Error sending delete notification message for path: /frr-interface:lib/interface[name="R8-eth4"]/state
2025/07/18 19:50:21 ZEBRA: [YKHB9-ND03T] BE-client: msg_conn_send_msg: can't send message on closed connection
2025/07/18 19:50:21 ZEBRA: [ZQRGQ-FT75P] NB_OP_CHANGE: nb_notify_delete_changes: ERROR: Error sending delete notification message for path: /frr-interface:lib/interface[name="R8-eth4"]/state
2025/07/18 19:50:21 ZEBRA: [YKHB9-ND03T] BE-client: msg_conn_send_msg: can't send message on closed connection
2025/07/18 19:50:21 ZEBRA: [ZQRGQ-FT75P] NB_OP_CHANGE: nb_notify_delete_changes: ERROR: Error sending delete notification message for path: /frr-interface:lib/interface[name="R8-eth4"]/state
2025/07/18 19:50:21 ZEBRA: [YKHB9-ND03T] BE-client: msg_conn_send_msg: can't send message on closed connection
2025/07/18 19:50:21 ZEBRA: [ZQRGQ-FT75P] NB_OP_CHANGE: nb_notify_delete_changes: ERROR: Error sending delete notification message for path: /frr-interface:lib/interface[name="R8-eth4"]/state
2025/07/18 19:50:21 ZEBRA: [YKHB9-ND03T] BE-client: msg_conn_send_msg: can't send message on closed connection
2025/07/18 19:50:21 ZEBRA: [ZQRGQ-FT75P] NB_OP_CHANGE: nb_notify_delete_changes: ERROR: Error sending delete notification message for path: /frr-interface:lib/interface[name="R8-eth4"]/state
2025/07/18 19:50:21 ZEBRA: [X3G8F-PM93W] BE-client: mgmt_msg_read: got EOF/disconnect
2025/07/18 19:50:21 ZEBRA: [YKHB9-ND03T] BE-client: msg_conn_send_msg: can't send message on closed connection
2025/07/18 19:50:21 ZEBRA: [ZQRGQ-FT75P] NB_OP_CHANGE: nb_notify_delete_changes: ERROR: Error sending delete notification message for path: /frr-interface:lib/interface[name="R8-eth5"]/state
2025/07/18 19:50:21 ZEBRA: [YKHB9-ND03T] BE-client: msg_conn_send_msg: can't send message on closed connection
2025/07/18 19:50:21 ZEBRA: [ZQRGQ-FT75P] NB_OP_CHANGE: nb_notify_delete_changes: ERROR: Error sending delete notification message for path: /frr-interface:lib/interface[name="R8-eth5"]/state
2025/07/18 19:50:21 ZEBRA: [YKHB9-ND03T] BE-client: msg_conn_send_msg: can't send message on closed connection
2025/07/18 19:50:21 ZEBRA: [ZQRGQ-FT75P] NB_OP_CHANGE: nb_notify_delete_changes: ERROR: Error sending delete notification message for path: /frr-interface:lib/interface[name="R8-eth5"]/state
2025/07/18 19:50:21 ZEBRA: [YKHB9-ND03T] BE-client: msg_conn_send_msg: can't send message on closed connection
2025/07/18 19:50:21 ZEBRA: [ZQRGQ-FT75P] NB_OP_CHANGE: nb_notify_delete_changes: ERROR: Error sending delete notification message for path: /frr-interface:lib/interface[name="R8-eth5"]/state
2025/07/18 19:50:21 ZEBRA: [YKHB9-ND03T] BE-client: msg_conn_send_msg: can't send message on closed connection
2025/07/18 19:50:21 ZEBRA: [ZQRGQ-FT75P] NB_OP_CHANGE: nb_notify_delete_changes: ERROR: Error sending delete notification message for path: /frr-interface:lib/interface[name="R8-eth5"]/state
2025/07/18 19:50:21 ZEBRA: [YKHB9-ND03T] BE-client: msg_conn_send_msg: can't send message on closed connection
2025/07/18 19:50:21 ZEBRA: [ZQRGQ-FT75P] NB_OP_CHANGE: nb_notify_delete_changes: ERROR: Error sending delete notification message for path: /frr-interface:lib/interface[name="R8-eth5"]/state
2025/07/18 19:50:21 ZEBRA: [YKHB9-ND03T] BE-client: msg_conn_send_msg: can't send message on closed connection
2025/07/18 19:50:21 ZEBRA: [ZQRGQ-FT75P] NB_OP_CHANGE: nb_notify_delete_changes: ERROR: Error sending delete notification message for path: /frr-interface:lib/interface[name="R8-eth5"]/state
2025/07/18 19:50:21 ZEBRA: [YKHB9-ND03T] BE-client: msg_conn_send_msg: can't send message on closed connection
2025/07/18 19:50:21 ZEBRA: [ZQRGQ-FT75P] NB_OP_CHANGE: nb_notify_delete_changes: ERROR: Error sending delete notification message for path: /frr-interface:lib/interface[name="R8-eth5"]/state
2025/07/18 19:50:21 ZEBRA: [YKHB9-ND03T] BE-client: msg_conn_send_msg: can't send message on closed connection
2025/07/18 19:50:21 ZEBRA: [ZQRGQ-FT75P] NB_OP_CHANGE: nb_notify_delete_changes: ERROR: Error sending delete notification message for path: /frr-interface:lib/interface[name="R8-eth5"]/state
2025/07/18 19:50:21 ZEBRA: [YKHB9-ND03T] BE-client: msg_conn_send_msg: can't send message on closed connection
2025/07/18 19:50:21 ZEBRA: [ZQRGQ-FT75P] NB_OP_CHANGE: nb_notify_delete_changes: ERROR: Error sending delete notification message for path: /frr-interface:lib/interface[name="R8-eth5"]/state
2025/07/18 19:50:21 ZEBRA: [YKHB9-ND03T] BE-client: msg_conn_send_msg: can't send message on closed connection
2025/07/18 19:50:21 ZEBRA: [ZQRGQ-FT75P] NB_OP_CHANGE: nb_notify_delete_changes: ERROR: Error sending delete notification message for path: /frr-interface:lib/interface[name="R8-eth5"]/state
2025/07/18 19:50:21 ZEBRA: [YKHB9-ND03T] BE-client: msg_conn_send_msg: can't send message on closed connection
2025/07/18 19:50:21 ZEBRA: [ZQRGQ-FT75P] NB_OP_CHANGE: nb_notify_delete_changes: ERROR: Error sending delete notification message for path: /frr-interface:lib/interface[name="R8-eth5"]/state
2025/07/18 19:50:21 ZEBRA: [YKHB9-ND03T] BE-client: msg_conn_send_msg: can't send message on closed connection
2025/07/18 19:50:21 ZEBRA: [ZQRGQ-FT75P] NB_OP_CHANGE: nb_notify_delete_changes: ERROR: Error sending delete notification message for path: /frr-interface:lib/interface[name="R8-eth5"]/state
2025/07/18 19:50:21 ZEBRA: [YKHB9-ND03T] BE-client: msg_conn_send_msg: can't send message on closed connection
2025/07/18 19:50:21 ZEBRA: [ZQRGQ-FT75P] NB_OP_CHANGE: nb_notify_delete_changes: ERROR: Error sending delete notification message for path: /frr-interface:lib/interface[name="R8-eth5"]/state
2025/07/18 19:50:22 ZEBRA: [YKHB9-ND03T] BE-client: msg_conn_send_msg: can't send message on closed connection
2025/07/18 19:50:22 ZEBRA: [ZQRGQ-FT75P] NB_OP_CHANGE: nb_notify_delete_changes: ERROR: Error sending delete notification message for path: /frr-interface:lib/interface[name="R8-eth5"]/state
2025/07/18 19:50:22 ZEBRA: [YKHB9-ND03T] BE-client: msg_conn_send_msg: can't send message on closed connection
2025/07/18 19:50:22 ZEBRA: [ZQRGQ-FT75P] NB_OP_CHANGE: nb_notify_delete_changes: ERROR: Error sending delete notification message for path: /frr-interface:lib/interface[name="R8-eth5"]/state
2025/07/18 19:50:22 ZEBRA: [YKHB9-ND03T] BE-client: msg_conn_send_msg: can't send message on closed connection
2025/07/18 19:50:22 ZEBRA: [ZQRGQ-FT75P] NB_OP_CHANGE: nb_notify_delete_changes: ERROR: Error sending delete notification message for path: /frr-interface:lib/interface[name="R8-eth5"]/state
2025/07/18 19:50:22 ZEBRA: [YKHB9-ND03T] BE-client: msg_conn_send_msg: can't send message on closed connection
2025/07/18 19:50:22 ZEBRA: [ZQRGQ-FT75P] NB_OP_CHANGE: nb_notify_delete_changes: ERROR: Error sending delete notification message for path: /frr-interface:lib/interface[name="R8-eth5"]/state
2025/07/18 19:50:22 ZEBRA: [YKHB9-ND03T] BE-client: msg_conn_send_msg: can't send message on closed connection
2025/07/18 19:50:22 ZEBRA: [ZQRGQ-FT75P] NB_OP_CHANGE: nb_notify_delete_changes: ERROR: Error sending delete notification message for path: /frr-interface:lib/interface[name="R8-eth5"]/state
2025/07/18 19:50:22 ZEBRA: [YKHB9-ND03T] BE-client: msg_conn_send_msg: can't send message on closed connection
2025/07/18 19:50:22 ZEBRA: [ZQRGQ-FT75P] NB_OP_CHANGE: nb_notify_delete_changes: ERROR: Error sending delete notification message for path: /frr-interface:lib/interface[name="R8-eth5"]/state
2025/07/18 19:50:22 ZEBRA: [YKHB9-ND03T] BE-client: msg_conn_send_msg: can't send message on closed connection
2025/07/18 19:50:22 ZEBRA: [ZQRGQ-FT75P] NB_OP_CHANGE: nb_notify_delete_changes: ERROR: Error sending delete notification message for path: /frr-interface:lib/interface[name="R8-eth5"]/state
2025/07/18 19:50:22 ZEBRA: [YKHB9-ND03T] BE-client: msg_conn_send_msg: can't send message on closed connection
2025/07/18 19:50:22 ZEBRA: [ZQRGQ-FT75P] NB_OP_CHANGE: nb_notify_delete_changes: ERROR: Error sending delete notification message for path: /frr-interface:lib/interface[name="R8-eth5"]/state
2025/07/18 19:50:22 ZEBRA: [YKHB9-ND03T] BE-client: msg_conn_send_msg: can't send message on closed connection
2025/07/18 19:50:22 ZEBRA: [ZQRGQ-FT75P] NB_OP_CHANGE: nb_notify_delete_changes: ERROR: Error sending delete notification message for path: /frr-interface:lib/interface[name="R8-eth5"]/state
2025/07/18 19:50:22 ZEBRA: [YKHB9-ND03T] BE-client: msg_conn_send_msg: can't send message on closed connection
2025/07/18 19:50:22 ZEBRA: [ZQRGQ-FT75P] NB_OP_CHANGE: nb_notify_delete_changes: ERROR: Error sending delete notification message for path: /frr-interface:lib/interface[name="R8-eth5"]/state
2025/07/18 19:50:22 ZEBRA: [X3G8F-PM93W] BE-client: mgmt_msg_read: got EOF/disconnect
2025/07/18 19:50:22 ZEBRA: [X3G8F-PM93W] BE-client: mgmt_msg_read: got EOF/disconnect
2025/07/18 19:50:22 ZEBRA: [X3G8F-PM93W] BE-client: mgmt_msg_read: got EOF/disconnect
2025/07/18 19:50:22 ZEBRA: [X3G8F-PM93W] BE-client: mgmt_msg_read: got EOF/disconnect
